<?xml version="1.0" encoding="UTF-8" standalone="yes"?><!DOCTYPE report PUBLIC "-//JACOCO//DTD Report 1.1//EN" "report.dtd"><report name="roman-number"><sessioninfo id="Suar-7697ff3e" start="1746474839105" dump="1746474839832"/><package name="it/unipd/mtss"><class name="it/unipd/mtss/checkInput" sourcefilename="checkInput.java"><method name="&lt;init&gt;" desc="()V" line="9"><counter type="INSTRUCTION" missed="3" covered="0"/><counter type="LINE" missed="1" covered="0"/><counter type="COMPLEXITY" missed="1" covered="0"/><counter type="METHOD" missed="1" covered="0"/></method><method name="validaInput" desc="(I)Z" line="13"><counter type="INSTRUCTION" missed="0" covered="9"/><counter type="BRANCH" missed="0" covered="4"/><counter type="LINE" missed="0" covered="3"/><counter type="COMPLEXITY" missed="0" covered="3"/><counter type="METHOD" missed="0" covered="1"/></method><method name="validaInput" desc="(Ljava/lang/String;)Z" line="22"><counter type="INSTRUCTION" missed="0" covered="22"/><counter type="BRANCH" missed="0" covered="4"/><counter type="LINE" missed="0" covered="5"/><counter type="COMPLEXITY" missed="0" covered="3"/><counter type="METHOD" missed="0" covered="1"/></method><counter type="INSTRUCTION" missed="3" covered="31"/><counter type="BRANCH" missed="0" covered="8"/><counter type="LINE" missed="1" covered="8"/><counter type="COMPLEXITY" missed="1" covered="6"/><counter type="METHOD" missed="1" covered="2"/><counter type="CLASS" missed="0" covered="1"/></class><class name="it/unipd/mtss/IntegerToRoman" sourcefilename="IntegerToRoman.java"><method name="&lt;init&gt;" desc="()V" line="10"><counter type="INSTRUCTION" missed="3" covered="0"/><counter type="LINE" missed="1" covered="0"/><counter type="COMPLEXITY" missed="1" covered="0"/><counter type="METHOD" missed="1" covered="0"/></method><method name="convert" desc="(I)Ljava/lang/String;" line="14"><counter type="INSTRUCTION" missed="0" covered="150"/><counter type="BRANCH" missed="0" covered="6"/><counter type="LINE" missed="0" covered="10"/><counter type="COMPLEXITY" missed="0" covered="4"/><counter type="METHOD" missed="0" covered="1"/></method><counter type="INSTRUCTION" missed="3" covered="150"/><counter type="BRANCH" missed="0" covered="6"/><counter type="LINE" missed="1" covered="10"/><counter type="COMPLEXITY" missed="1" covered="4"/><counter type="METHOD" missed="1" covered="1"/><counter type="CLASS" missed="0" covered="1"/></class><class name="it/unipd/mtss/RomanPrinter" sourcefilename="RomanPrinter.java"><method name="&lt;init&gt;" desc="()V" line="8"><counter type="INSTRUCTION" missed="0" covered="3"/><counter type="LINE" missed="0" covered="1"/><counter type="COMPLEXITY" missed="0" covered="1"/><counter type="METHOD" missed="0" covered="1"/></method><method name="print" desc="(I)Ljava/lang/String;" line="12"><counter type="INSTRUCTION" missed="0" covered="4"/><counter type="LINE" missed="0" covered="1"/><counter type="COMPLEXITY" missed="0" covered="1"/><counter type="METHOD" missed="0" covered="1"/></method><method name="printAsciiArt" desc="(Ljava/lang/String;)Ljava/lang/String;" line="17"><counter type="INSTRUCTION" missed="4" covered="277"/><counter type="BRANCH" missed="2" covered="12"/><counter type="LINE" missed="1" covered="27"/><counter type="COMPLEXITY" missed="2" covered="9"/><counter type="METHOD" missed="0" covered="1"/></method><counter type="INSTRUCTION" missed="4" covered="284"/><counter type="BRANCH" missed="2" covered="12"/><counter type="LINE" missed="1" covered="29"/><counter type="COMPLEXITY" missed="2" covered="11"/><counter type="METHOD" missed="0" covered="3"/><counter type="CLASS" missed="0" covered="1"/></class><sourcefile name="checkInput.java"><line nr="9" mi="3" ci="0" mb="0" cb="0"/><line nr="13" mi="0" ci="5" mb="0" cb="4"/><line nr="15" mi="0" ci="2" mb="0" cb="0"/><line nr="17" mi="0" ci="2" mb="0" cb="0"/><line nr="22" mi="0" ci="3" mb="0" cb="0"/><line nr="23" mi="0" ci="8" mb="0" cb="2"/><line nr="25" mi="0" ci="7" mb="0" cb="2"/><line nr="27" mi="0" ci="2" mb="0" cb="0"/><line nr="30" mi="0" ci="2" mb="0" cb="0"/><counter type="INSTRUCTION" missed="3" covered="31"/><counter type="BRANCH" missed="0" covered="8"/><counter type="LINE" missed="1" covered="8"/><counter type="COMPLEXITY" missed="1" covered="6"/><counter type="METHOD" missed="1" covered="2"/><counter type="CLASS" missed="0" covered="1"/></sourcefile><sourcefile name="RomanPrinter.java"><line nr="8" mi="0" ci="3" mb="0" cb="0"/><line nr="12" mi="0" ci="4" mb="0" cb="0"/><line nr="17" mi="0" ci="3" mb="1" cb="1"/><line nr="19" mi="4" ci="0" mb="0" cb="0"/><line nr="22" mi="0" ci="27" mb="0" cb="0"/><line nr="31" mi="0" ci="27" mb="0" cb="0"/><line nr="40" mi="0" ci="27" mb="0" cb="0"/><line nr="49" mi="0" ci="27" mb="0" cb="0"/><line nr="58" mi="0" ci="27" mb="0" cb="0"/><line nr="66" mi="0" ci="27" mb="0" cb="0"/><line nr="74" mi="0" ci="27" mb="0" cb="0"/><line nr="82" mi="0" ci="4" mb="0" cb="0"/><line nr="84" mi="0" ci="7" mb="0" cb="2"/><line nr="86" mi="0" ci="8" mb="0" cb="2"/><line nr="88" mi="0" ci="11" mb="1" cb="7"/><line nr="91" mi="0" ci="6" mb="0" cb="0"/><line nr="92" mi="0" ci="1" mb="0" cb="0"/><line nr="95" mi="0" ci="6" mb="0" cb="0"/><line nr="96" mi="0" ci="1" mb="0" cb="0"/><line nr="99" mi="0" ci="6" mb="0" cb="0"/><line nr="100" mi="0" ci="1" mb="0" cb="0"/><line nr="103" mi="0" ci="6" mb="0" cb="0"/><line nr="104" mi="0" ci="1" mb="0" cb="0"/><line nr="107" mi="0" ci="6" mb="0" cb="0"/><line nr="108" mi="0" ci="1" mb="0" cb="0"/><line nr="111" mi="0" ci="6" mb="0" cb="0"/><line nr="112" mi="0" ci="1" mb="0" cb="0"/><line nr="115" mi="0" ci="6" mb="0" cb="0"/><line nr="120" mi="0" ci="4" mb="0" cb="0"/><line nr="123" mi="0" ci="3" mb="0" cb="0"/><counter type="INSTRUCTION" missed="4" covered="284"/><counter type="BRANCH" missed="2" covered="12"/><counter type="LINE" missed="1" covered="29"/><counter type="COMPLEXITY" missed="2" covered="11"/><counter type="METHOD" missed="0" covered="3"/><counter type="CLASS" missed="0" covered="1"/></sourcefile><sourcefile name="IntegerToRoman.java"><line nr="10" mi="3" ci="0" mb="0" cb="0"/><line nr="14" mi="0" ci="3" mb="0" cb="2"/><line nr="16" mi="0" ci="4" mb="0" cb="0"/><line nr="19" mi="0" ci="55" mb="0" cb="0"/><line nr="21" mi="0" ci="55" mb="0" cb="0"/><line nr="24" mi="0" ci="4" mb="0" cb="0"/><line nr="26" mi="0" ci="8" mb="0" cb="2"/><line nr="28" mi="0" ci="5" mb="0" cb="2"/><line nr="30" mi="0" ci="6" mb="0" cb="0"/><line nr="31" mi="0" ci="7" mb="0" cb="0"/><line nr="35" mi="0" ci="3" mb="0" cb="0"/><counter type="INSTRUCTION" missed="3" covered="150"/><counter type="BRANCH" missed="0" covered="6"/><counter type="LINE" missed="1" covered="10"/><counter type="COMPLEXITY" missed="1" covered="4"/><counter type="METHOD" missed="1" covered="1"/><counter type="CLASS" missed="0" covered="1"/></sourcefile><counter type="INSTRUCTION" missed="10" covered="465"/><counter type="BRANCH" missed="2" covered="26"/><counter type="LINE" missed="3" covered="47"/><counter type="COMPLEXITY" missed="4" covered="21"/><counter type="METHOD" missed="2" covered="6"/><counter type="CLASS" missed="0" covered="3"/></package><counter type="INSTRUCTION" missed="10" covered="465"/><counter type="BRANCH" missed="2" covered="26"/><counter type="LINE" missed="3" covered="47"/><counter type="COMPLEXITY" missed="4" covered="21"/><counter type="METHOD" missed="2" covered="6"/><counter type="CLASS" missed="0" covered="3"/></report>