-------------------------------------------------------------------------------
Test set: it.unipd.mtss.RomanPrinterTest
-------------------------------------------------------------------------------
Tests run: 9, Failures: 0, Errors: 8, Skipped: 0, Time elapsed: 0.107 s <<< FAILURE! - in it.unipd.mtss.RomanPrinterTest
testStampaC(it.unipd.mtss.RomanPrinterTest)  Time elapsed: 0.01 s  <<< ERROR!
java.lang.IllegalArgumentException
	at it.unipd.mtss.RomanPrinterTest.testStampaC(RomanPrinterTest.java:87)

testStampaD(it.unipd.mtss.RomanPrinterTest)  Time elapsed: 0.001 s  <<< ERROR!
java.lang.IllegalArgumentException
	at it.unipd.mtss.RomanPrinterTest.testStampaD(RomanPrinterTest.java:100)

testStampaI(it.unipd.mtss.RomanPrinterTest)  Time elapsed: 0.001 s  <<< ERROR!
java.lang.IllegalArgumentException
	at it.unipd.mtss.RomanPrinterTest.testStampaI(RomanPrinterTest.java:30)

testStampaL(it.unipd.mtss.RomanPrinterTest)  Time elapsed: 0.001 s  <<< ERROR!
java.lang.IllegalArgumentException
	at it.unipd.mtss.RomanPrinterTest.testStampaL(RomanPrinterTest.java:72)

testStampaM(it.unipd.mtss.RomanPrinterTest)  Time elapsed: 0.001 s  <<< ERROR!
java.lang.IllegalArgumentException
	at it.unipd.mtss.RomanPrinterTest.testStampaM(RomanPrinterTest.java:115)

testStampaV(it.unipd.mtss.RomanPrinterTest)  Time elapsed: 0.001 s  <<< ERROR!
java.lang.IllegalArgumentException
	at it.unipd.mtss.RomanPrinterTest.testStampaV(RomanPrinterTest.java:44)

testStampaX(it.unipd.mtss.RomanPrinterTest)  Time elapsed: 0.001 s  <<< ERROR!
java.lang.IllegalArgumentException
	at it.unipd.mtss.RomanPrinterTest.testStampaX(RomanPrinterTest.java:58)

testStampa88(it.unipd.mtss.RomanPrinterTest)  Time elapsed: 0.001 s  <<< ERROR!
java.lang.IllegalArgumentException
	at it.unipd.mtss.RomanPrinterTest.testStampa88(RomanPrinterTest.java:129)

