<?xml version="1.0" encoding="UTF-8"?>
<testsuite xmlns:xsi="http://www.w3.org/2001/XMLSchema-instance" xsi:noNamespaceSchemaLocation="https://maven.apache.org/surefire/maven-surefire-plugin/xsd/surefire-test-report.xsd" name="it.unipd.mtss.RomanPrinterTest" time="0.124" tests="9" errors="0" skipped="0" failures="8">
  <properties>
    <property name="java.specification.version" value="21"/>
    <property name="sun.jnu.encoding" value="UTF-8"/>
    <property name="java.class.path" value="/home/nenad/Progetti/Assignment2/roman-number/target/test-classes:/home/nenad/Progetti/Assignment2/roman-number/target/classes:/home/nenad/.m2/repository/junit/junit/4.12/junit-4.12.jar:/home/nenad/.m2/repository/org/hamcrest/hamcrest-core/1.3/hamcrest-core-1.3.jar:"/>
    <property name="java.vm.vendor" value="Ubuntu"/>
    <property name="sun.arch.data.model" value="64"/>
    <property name="java.vendor.url" value="https://ubuntu.com/"/>
    <property name="os.name" value="Linux"/>
    <property name="java.vm.specification.version" value="21"/>
    <property name="sun.java.launcher" value="SUN_STANDARD"/>
    <property name="user.country" value="IT"/>
    <property name="sun.boot.library.path" value="/usr/lib/jvm/java-21-openjdk-amd64/lib"/>
    <property name="sun.java.command" value="/home/nenad/Progetti/Assignment2/roman-number/target/surefire/surefirebooter4946542415903740382.jar /home/nenad/Progetti/Assignment2/roman-number/target/surefire 2025-05-05T15-17-58_835-jvmRun1 surefire16475505797979045054tmp surefire_03707165859207233031tmp"/>
    <property name="jdk.debug" value="release"/>
    <property name="surefire.test.class.path" value="/home/nenad/Progetti/Assignment2/roman-number/target/test-classes:/home/nenad/Progetti/Assignment2/roman-number/target/classes:/home/nenad/.m2/repository/junit/junit/4.12/junit-4.12.jar:/home/nenad/.m2/repository/org/hamcrest/hamcrest-core/1.3/hamcrest-core-1.3.jar:"/>
    <property name="sun.cpu.endian" value="little"/>
    <property name="user.home" value="/home/nenad"/>
    <property name="user.language" value="it"/>
    <property name="java.specification.vendor" value="Oracle Corporation"/>
    <property name="java.version.date" value="2025-01-21"/>
    <property name="java.home" value="/usr/lib/jvm/java-21-openjdk-amd64"/>
    <property name="file.separator" value="/"/>
    <property name="basedir" value="/home/nenad/Progetti/Assignment2/roman-number"/>
    <property name="java.vm.compressedOopsMode" value="Zero based"/>
    <property name="line.separator" value="&#10;"/>
    <property name="java.specification.name" value="Java Platform API Specification"/>
    <property name="java.vm.specification.vendor" value="Oracle Corporation"/>
    <property name="surefire.real.class.path" value="/home/nenad/Progetti/Assignment2/roman-number/target/surefire/surefirebooter4946542415903740382.jar"/>
    <property name="sun.management.compiler" value="HotSpot 64-Bit Tiered Compilers"/>
    <property name="java.runtime.version" value="21.0.6+7-Ubuntu-124.04.1"/>
    <property name="user.name" value="nenad"/>
    <property name="stdout.encoding" value="UTF-8"/>
    <property name="path.separator" value=":"/>
    <property name="os.version" value="6.8.0-59-generic"/>
    <property name="java.runtime.name" value="OpenJDK Runtime Environment"/>
    <property name="file.encoding" value="UTF-8"/>
    <property name="java.vm.name" value="OpenJDK 64-Bit Server VM"/>
    <property name="localRepository" value="/home/nenad/.m2/repository"/>
    <property name="java.vendor.url.bug" value="https://bugs.launchpad.net/ubuntu/+source/openjdk-21"/>
    <property name="java.io.tmpdir" value="/tmp"/>
    <property name="java.version" value="21.0.6"/>
    <property name="user.dir" value="/home/nenad/Progetti/Assignment2/roman-number"/>
    <property name="os.arch" value="amd64"/>
    <property name="java.vm.specification.name" value="Java Virtual Machine Specification"/>
    <property name="native.encoding" value="UTF-8"/>
    <property name="java.library.path" value="/usr/java/packages/lib:/usr/lib/x86_64-linux-gnu/jni:/lib/x86_64-linux-gnu:/usr/lib/x86_64-linux-gnu:/usr/lib/jni:/lib:/usr/lib"/>
    <property name="java.vm.info" value="mixed mode, sharing"/>
    <property name="stderr.encoding" value="UTF-8"/>
    <property name="java.vendor" value="Ubuntu"/>
    <property name="java.vm.version" value="21.0.6+7-Ubuntu-124.04.1"/>
    <property name="sun.io.unicode.encoding" value="UnicodeLittle"/>
    <property name="java.class.version" value="65.0"/>
  </properties>
  <testcase name="classIsNotNull" classname="it.unipd.mtss.RomanPrinterTest" time="0.004"/>
  <testcase name="testStampaC" classname="it.unipd.mtss.RomanPrinterTest" time="0.011">
    <failure message="expected:&lt;[  _____  &#10; / ____| &#10;| |      &#10;| |      &#10;| |____  &#10; \_____| &#10;]&gt; but was:&lt;[]&gt;" type="org.junit.ComparisonFailure"><![CDATA[org.junit.ComparisonFailure: 
expected:<[  _____  
 / ____| 
| |      
| |      
| |____  
 \_____| 
]> but was:<[]>
	at it.unipd.mtss.RomanPrinterTest.testStampaC(RomanPrinterTest.java:87)
]]></failure>
  </testcase>
  <testcase name="testStampaD" classname="it.unipd.mtss.RomanPrinterTest" time="0.001">
    <failure message="expected:&lt;[ _____   &#10;|  __ \  &#10;| |  | | &#10;| |  | | &#10;| |__| | &#10;|_____/  &#10;]&gt; but was:&lt;[]&gt;" type="org.junit.ComparisonFailure"><![CDATA[org.junit.ComparisonFailure: 
expected:<[ _____   
|  __ \  
| |  | | 
| |  | | 
| |__| | 
|_____/  
]> but was:<[]>
	at it.unipd.mtss.RomanPrinterTest.testStampaD(RomanPrinterTest.java:100)
]]></failure>
  </testcase>
  <testcase name="testStampaI" classname="it.unipd.mtss.RomanPrinterTest" time="0.001">
    <failure message="expected:&lt;[ _____  &#10;|_   _| &#10;  | |   &#10;  | |   &#10; _| |_  &#10;|_____| &#10;]&gt; but was:&lt;[]&gt;" type="org.junit.ComparisonFailure"><![CDATA[org.junit.ComparisonFailure: 
expected:<[ _____  
|_   _| 
  | |   
  | |   
 _| |_  
|_____| 
]> but was:<[]>
	at it.unipd.mtss.RomanPrinterTest.testStampaI(RomanPrinterTest.java:30)
]]></failure>
  </testcase>
  <testcase name="testStampaL" classname="it.unipd.mtss.RomanPrinterTest" time="0.001">
    <failure message="expected:&lt;[ _       &#10;| |      &#10;| |      &#10;| |      &#10;| |____  &#10;|______| &#10;]&gt; but was:&lt;[]&gt;" type="org.junit.ComparisonFailure"><![CDATA[org.junit.ComparisonFailure: 
expected:<[ _       
| |      
| |      
| |      
| |____  
|______| 
]> but was:<[]>
	at it.unipd.mtss.RomanPrinterTest.testStampaL(RomanPrinterTest.java:72)
]]></failure>
  </testcase>
  <testcase name="testStampaM" classname="it.unipd.mtss.RomanPrinterTest" time="0.001">
    <failure message="expected:&lt;[ __  __  &#10;|  \/  | &#10;| \  / | &#10;| |\/| | &#10;| |  | | &#10;|_|  |_| &#10;]&gt; but was:&lt;[]&gt;" type="org.junit.ComparisonFailure"><![CDATA[org.junit.ComparisonFailure: 
expected:<[ __  __  
|  \/  | 
| \  / | 
| |\/| | 
| |  | | 
|_|  |_| 
]> but was:<[]>
	at it.unipd.mtss.RomanPrinterTest.testStampaM(RomanPrinterTest.java:115)
]]></failure>
  </testcase>
  <testcase name="testStampaV" classname="it.unipd.mtss.RomanPrinterTest" time="0.001">
    <failure message="expected:&lt;[__      __ &#10;\ \    / / &#10; \ \  / /  &#10;  \ \/ /   &#10;   \  /    &#10;    \/     &#10;]&gt; but was:&lt;[]&gt;" type="org.junit.ComparisonFailure"><![CDATA[org.junit.ComparisonFailure: 
expected:<[__      __ 
\ \    / / 
 \ \  / /  
  \ \/ /   
   \  /    
    \/     
]> but was:<[]>
	at it.unipd.mtss.RomanPrinterTest.testStampaV(RomanPrinterTest.java:44)
]]></failure>
  </testcase>
  <testcase name="testStampaX" classname="it.unipd.mtss.RomanPrinterTest" time="0">
    <failure message="expected:&lt;[__   __ &#10;\ \ / / &#10; \ V /  &#10;  &gt; &lt;   &#10; / . \  &#10;/_/ \_\ &#10;]&gt; but was:&lt;[]&gt;" type="org.junit.ComparisonFailure"><![CDATA[org.junit.ComparisonFailure: 
expected:<[__   __ 
\ \ / / 
 \ V /  
  > <   
 / . \  
/_/ \_\ 
]> but was:<[]>
	at it.unipd.mtss.RomanPrinterTest.testStampaX(RomanPrinterTest.java:58)
]]></failure>
  </testcase>
  <testcase name="testStampa88" classname="it.unipd.mtss.RomanPrinterTest" time="0.001">
    <failure message="expected:&lt;[ _       __   __ __   __ __   __ __      __  _____   _____   _____  &#10;| |      \ \ / / \ \ / / \ \ / / \ \    / / |_   _| |_   _| |_   _| &#10;| |       \ V /   \ V /   \ V /   \ \  / /    | |     | |     | |   &#10;| |        &gt; &lt;     &gt; &lt;     &gt; &lt;     \ \/ /     | |     | |     | |   &#10;| |____   / . \   / . \   / . \     \  /     _| |_   _| |_   _| |_  &#10;|______| /_/ \_\ /_/ \_\ /_/ \_\     \/     |_____| |_____| |_____| &#10;]&gt; but was:&lt;[]&gt;" type="org.junit.ComparisonFailure"><![CDATA[org.junit.ComparisonFailure: 
expected:<[ _       __   __ __   __ __   __ __      __  _____   _____   _____  
| |      \ \ / / \ \ / / \ \ / / \ \    / / |_   _| |_   _| |_   _| 
| |       \ V /   \ V /   \ V /   \ \  / /    | |     | |     | |   
| |        > <     > <     > <     \ \/ /     | |     | |     | |   
| |____   / . \   / . \   / . \     \  /     _| |_   _| |_   _| |_  
|______| /_/ \_\ /_/ \_\ /_/ \_\     \/     |_____| |_____| |_____| 
]> but was:<[]>
	at it.unipd.mtss.RomanPrinterTest.testStampa88(RomanPrinterTest.java:129)
]]></failure>
  </testcase>
</testsuite>