<?xml version="1.0" encoding="UTF-8"?>
<testsuite xmlns:xsi="http://www.w3.org/2001/XMLSchema-instance" xsi:noNamespaceSchemaLocation="https://maven.apache.org/surefire/maven-surefire-plugin/xsd/surefire-test-report.xsd" name="it.unipd.mtss.RomanPrinterTest" time="0.107" tests="9" errors="8" skipped="0" failures="0">
  <properties>
[...]
</properties>
  <testcase name="classIsNotNull" classname="it.unipd.mtss.RomanPrinterTest" time="0.005"/>
  <testcase name="testStampaC" classname="it.unipd.mtss.RomanPrinterTest" time="0.01">
    <error type="java.lang.IllegalArgumentException">java.lang.IllegalArgumentException
	at it.unipd.mtss.RomanPrinterTest.testStampaC(RomanPrinterTest.java:87)
</error>
  </testcase>
  <testcase name="testStampaD" classname="it.unipd.mtss.RomanPrinterTest" time="0.001">
    <error type="java.lang.IllegalArgumentException">java.lang.IllegalArgumentException
	at it.unipd.mtss.RomanPrinterTest.testStampaD(RomanPrinterTest.java:100)
</error>
  </testcase>
  <testcase name="testStampaI" classname="it.unipd.mtss.RomanPrinterTest" time="0.001">
    <error type="java.lang.IllegalArgumentException">java.lang.IllegalArgumentException
	at it.unipd.mtss.RomanPrinterTest.testStampaI(RomanPrinterTest.java:30)
</error>
  </testcase>
  <testcase name="testStampaL" classname="it.unipd.mtss.RomanPrinterTest" time="0.001">
    <error type="java.lang.IllegalArgumentException">java.lang.IllegalArgumentException
	at it.unipd.mtss.RomanPrinterTest.testStampaL(RomanPrinterTest.java:72)
</error>
  </testcase>
  <testcase name="testStampaM" classname="it.unipd.mtss.RomanPrinterTest" time="0.001">
    <error type="java.lang.IllegalArgumentException">java.lang.IllegalArgumentException
	at it.unipd.mtss.RomanPrinterTest.testStampaM(RomanPrinterTest.java:115)
</error>
  </testcase>
  <testcase name="testStampaV" classname="it.unipd.mtss.RomanPrinterTest" time="0.001">
    <error type="java.lang.IllegalArgumentException">java.lang.IllegalArgumentException
	at it.unipd.mtss.RomanPrinterTest.testStampaV(RomanPrinterTest.java:44)
</error>
  </testcase>
  <testcase name="testStampaX" classname="it.unipd.mtss.RomanPrinterTest" time="0.001">
    <error type="java.lang.IllegalArgumentException">java.lang.IllegalArgumentException
	at it.unipd.mtss.RomanPrinterTest.testStampaX(RomanPrinterTest.java:58)
</error>
  </testcase>
  <testcase name="testStampa88" classname="it.unipd.mtss.RomanPrinterTest" time="0.001">
    <error type="java.lang.IllegalArgumentException">java.lang.IllegalArgumentException
	at it.unipd.mtss.RomanPrinterTest.testStampa88(RomanPrinterTest.java:129)
</error>
  </testcase>
</testsuite>