<?xml version="1.0" encoding="UTF-8"?>
<testsuite xmlns:xsi="http://www.w3.org/2001/XMLSchema-instance" xsi:noNamespaceSchemaLocation="https://maven.apache.org/surefire/maven-surefire-plugin/xsd/surefire-test-report.xsd" name="it.unipd.mtss.RomanPrinterTest" time="0.124" tests="9" errors="0" skipped="0" failures="8">
  <properties>
[...]
</properties>
  <testcase name="classIsNotNull" classname="it.unipd.mtss.RomanPrinterTest" time="0.004"/>
  <testcase name="testStampaC" classname="it.unipd.mtss.RomanPrinterTest" time="0.011">
    <failure message="expected:&lt;[  _____  &#10; / ____| &#10;| |      &#10;| |      &#10;| |____  &#10; \_____| &#10;]&gt; but was:&lt;[]&gt;" type="org.junit.ComparisonFailure"><![CDATA[org.junit.ComparisonFailure: 
expected:<[  _____  
 / ____| 
| |      
| |      
| |____  
 \_____| 
]> but was:<[]>
	at it.unipd.mtss.RomanPrinterTest.testStampaC(RomanPrinterTest.java:87)
]]></failure>
  </testcase>
  <testcase name="testStampaD" classname="it.unipd.mtss.RomanPrinterTest" time="0.001">
    <failure message="expected:&lt;[ _____   &#10;|  __ \  &#10;| |  | | &#10;| |  | | &#10;| |__| | &#10;|_____/  &#10;]&gt; but was:&lt;[]&gt;" type="org.junit.ComparisonFailure"><![CDATA[org.junit.ComparisonFailure: 
expected:<[ _____   
|  __ \  
| |  | | 
| |  | | 
| |__| | 
|_____/  
]> but was:<[]>
	at it.unipd.mtss.RomanPrinterTest.testStampaD(RomanPrinterTest.java:100)
]]></failure>
  </testcase>
  <testcase name="testStampaI" classname="it.unipd.mtss.RomanPrinterTest" time="0.001">
    <failure message="expected:&lt;[ _____  &#10;|_   _| &#10;  | |   &#10;  | |   &#10; _| |_  &#10;|_____| &#10;]&gt; but was:&lt;[]&gt;" type="org.junit.ComparisonFailure"><![CDATA[org.junit.ComparisonFailure: 
expected:<[ _____  
|_   _| 
  | |   
  | |   
 _| |_  
|_____| 
]> but was:<[]>
	at it.unipd.mtss.RomanPrinterTest.testStampaI(RomanPrinterTest.java:30)
]]></failure>
  </testcase>
  <testcase name="testStampaL" classname="it.unipd.mtss.RomanPrinterTest" time="0.001">
    <failure message="expected:&lt;[ _       &#10;| |      &#10;| |      &#10;| |      &#10;| |____  &#10;|______| &#10;]&gt; but was:&lt;[]&gt;" type="org.junit.ComparisonFailure"><![CDATA[org.junit.ComparisonFailure: 
expected:<[ _       
| |      
| |      
| |      
| |____  
|______| 
]> but was:<[]>
	at it.unipd.mtss.RomanPrinterTest.testStampaL(RomanPrinterTest.java:72)
]]></failure>
  </testcase>
  <testcase name="testStampaM" classname="it.unipd.mtss.RomanPrinterTest" time="0.001">
    <failure message="expected:&lt;[ __  __  &#10;|  \/  | &#10;| \  / | &#10;| |\/| | &#10;| |  | | &#10;|_|  |_| &#10;]&gt; but was:&lt;[]&gt;" type="org.junit.ComparisonFailure"><![CDATA[org.junit.ComparisonFailure: 
expected:<[ __  __  
|  \/  | 
| \  / | 
| |\/| | 
| |  | | 
|_|  |_| 
]> but was:<[]>
	at it.unipd.mtss.RomanPrinterTest.testStampaM(RomanPrinterTest.java:115)
]]></failure>
  </testcase>
  <testcase name="testStampaV" classname="it.unipd.mtss.RomanPrinterTest" time="0.001">
    <failure message="expected:&lt;[__      __ &#10;\ \    / / &#10; \ \  / /  &#10;  \ \/ /   &#10;   \  /    &#10;    \/     &#10;]&gt; but was:&lt;[]&gt;" type="org.junit.ComparisonFailure"><![CDATA[org.junit.ComparisonFailure: 
expected:<[__      __ 
\ \    / / 
 \ \  / /  
  \ \/ /   
   \  /    
    \/     
]> but was:<[]>
	at it.unipd.mtss.RomanPrinterTest.testStampaV(RomanPrinterTest.java:44)
]]></failure>
  </testcase>
  <testcase name="testStampaX" classname="it.unipd.mtss.RomanPrinterTest" time="0">
    <failure message="expected:&lt;[__   __ &#10;\ \ / / &#10; \ V /  &#10;  &gt; &lt;   &#10; / . \  &#10;/_/ \_\ &#10;]&gt; but was:&lt;[]&gt;" type="org.junit.ComparisonFailure"><![CDATA[org.junit.ComparisonFailure: 
expected:<[__   __ 
\ \ / / 
 \ V /  
  > <   
 / . \  
/_/ \_\ 
]> but was:<[]>
	at it.unipd.mtss.RomanPrinterTest.testStampaX(RomanPrinterTest.java:58)
]]></failure>
  </testcase>
  <testcase name="testStampa88" classname="it.unipd.mtss.RomanPrinterTest" time="0.001">
    <failure message="expected:&lt;[ _       __   __ __   __ __   __ __      __  _____   _____   _____  &#10;| |      \ \ / / \ \ / / \ \ / / \ \    / / |_   _| |_   _| |_   _| &#10;| |       \ V /   \ V /   \ V /   \ \  / /    | |     | |     | |   &#10;| |        &gt; &lt;     &gt; &lt;     &gt; &lt;     \ \/ /     | |     | |     | |   &#10;| |____   / . \   / . \   / . \     \  /     _| |_   _| |_   _| |_  &#10;|______| /_/ \_\ /_/ \_\ /_/ \_\     \/     |_____| |_____| |_____| &#10;]&gt; but was:&lt;[]&gt;" type="org.junit.ComparisonFailure"><![CDATA[org.junit.ComparisonFailure: 
expected:<[ _       __   __ __   __ __   __ __      __  _____   _____   _____  
| |      \ \ / / \ \ / / \ \ / / \ \    / / |_   _| |_   _| |_   _| 
| |       \ V /   \ V /   \ V /   \ \  / /    | |     | |     | |   
| |        > <     > <     > <     \ \/ /     | |     | |     | |   
| |____   / . \   / . \   / . \     \  /     _| |_   _| |_   _| |_  
|______| /_/ \_\ /_/ \_\ /_/ \_\     \/     |_____| |_____| |_____| 
]> but was:<[]>
	at it.unipd.mtss.RomanPrinterTest.testStampa88(RomanPrinterTest.java:129)
]]></failure>
  </testcase>
</testsuite>